[12-Feb-2018 22:39:17 UTC] PHP Parse error:  syntax error, unexpected '?>' in /home/ubuntu/workspace/sllopis/practice/php_arrays.php on line 17
[12-Feb-2018 22:39:17 UTC] PHP Parse error:  syntax error, unexpected '?>' in /home/ubuntu/workspace/sllopis/practice/php_arrays.php on line 17
[12-Feb-2018 22:39:18 UTC] PHP Parse error:  syntax error, unexpected '?>' in /home/ubuntu/workspace/sllopis/practice/php_arrays.php on line 17
[12-Feb-2018 23:05:50 UTC] PHP Warning:  array_pop() expects parameter 1 to be array, null given in /home/ubuntu/workspace/sllopis/practice/php_arrays.php on line 16
[12-Feb-2018 23:05:50 UTC] PHP Stack trace:
[12-Feb-2018 23:05:50 UTC] PHP   1. {main}() /home/ubuntu/workspace/sllopis/practice/php_arrays.php:0
[12-Feb-2018 23:05:50 UTC] PHP   2. array_pop() /home/ubuntu/workspace/sllopis/practice/php_arrays.php:16
[12-Feb-2018 23:06:42 UTC] PHP Warning:  array_pop() expects parameter 1 to be array, null given in /home/ubuntu/workspace/sllopis/practice/php_arrays.php on line 15
[12-Feb-2018 23:06:42 UTC] PHP Stack trace:
[12-Feb-2018 23:06:42 UTC] PHP   1. {main}() /home/ubuntu/workspace/sllopis/practice/php_arrays.php:0
[12-Feb-2018 23:06:42 UTC] PHP   2. array_pop() /home/ubuntu/workspace/sllopis/practice/php_arrays.php:15
[12-Feb-2018 23:08:31 UTC] PHP Parse error:  syntax error, unexpected 'print_r' (T_STRING), expecting ';' in /home/ubuntu/workspace/sllopis/practice/php_arrays.php on line 19
[12-Feb-2018 23:08:44 UTC] PHP Parse error:  syntax error, unexpected '/' in /home/ubuntu/workspace/sllopis/practice/php_arrays.php on line 18
[12-Feb-2018 23:08:50 UTC] PHP Warning:  array_pop() expects parameter 1 to be array, null given in /home/ubuntu/workspace/sllopis/practice/php_arrays.php on line 15
[12-Feb-2018 23:08:50 UTC] PHP Stack trace:
[12-Feb-2018 23:08:50 UTC] PHP   1. {main}() /home/ubuntu/workspace/sllopis/practice/php_arrays.php:0
[12-Feb-2018 23:08:50 UTC] PHP   2. array_pop() /home/ubuntu/workspace/sllopis/practice/php_arrays.php:15
[12-Feb-2018 23:11:13 UTC] PHP Warning:  array_pop() expects parameter 1 to be array, null given in /home/ubuntu/workspace/sllopis/practice/php_arrays.php on line 15
[12-Feb-2018 23:11:13 UTC] PHP Stack trace:
[12-Feb-2018 23:11:13 UTC] PHP   1. {main}() /home/ubuntu/workspace/sllopis/practice/php_arrays.php:0
[12-Feb-2018 23:11:13 UTC] PHP   2. array_pop() /home/ubuntu/workspace/sllopis/practice/php_arrays.php:15
[12-Feb-2018 23:11:25 UTC] PHP Warning:  array_pop() expects parameter 1 to be array, null given in /home/ubuntu/workspace/sllopis/practice/php_arrays.php on line 15
[12-Feb-2018 23:11:25 UTC] PHP Stack trace:
[12-Feb-2018 23:11:25 UTC] PHP   1. {main}() /home/ubuntu/workspace/sllopis/practice/php_arrays.php:0
[12-Feb-2018 23:11:25 UTC] PHP   2. array_pop() /home/ubuntu/workspace/sllopis/practice/php_arrays.php:15
[12-Feb-2018 23:11:52 UTC] PHP Parse error:  syntax error, unexpected '[' in /home/ubuntu/workspace/sllopis/practice/php_arrays.php on line 16
[12-Feb-2018 23:13:02 UTC] PHP Parse error:  syntax error, unexpected ';' in /home/ubuntu/workspace/sllopis/practice/php_arrays.php on line 25
[12-Feb-2018 23:13:07 UTC] PHP Parse error:  syntax error, unexpected ';' in /home/ubuntu/workspace/sllopis/practice/php_arrays.php on line 25
