[04-Mar-2018 00:35:31 UTC] PHP Parse error:  syntax error, unexpected 'if' (T_IF) in /home/ubuntu/workspace/CST336-Lab3/inc/functions.php on line 5
[04-Mar-2018 00:35:52 UTC] PHP Parse error:  syntax error, unexpected 'if' (T_IF) in /home/ubuntu/workspace/CST336-Lab3/inc/functions.php on line 5
[04-Mar-2018 00:36:20 UTC] PHP Parse error:  syntax error, unexpected 'echo' (T_ECHO) in /home/ubuntu/workspace/CST336-Lab3/inc/functions.php on line 168
[04-Mar-2018 00:36:21 UTC] PHP Parse error:  syntax error, unexpected 'echo' (T_ECHO) in /home/ubuntu/workspace/CST336-Lab3/inc/functions.php on line 168
[04-Mar-2018 00:37:09 UTC] PHP Parse error:  syntax error, unexpected 'echo' (T_ECHO) in /home/ubuntu/workspace/CST336-Lab3/inc/functions.php on line 168
[04-Mar-2018 00:37:10 UTC] PHP Parse error:  syntax error, unexpected 'echo' (T_ECHO) in /home/ubuntu/workspace/CST336-Lab3/inc/functions.php on line 168
[04-Mar-2018 00:56:45 UTC] PHP Warning:  array_push() expects parameter 1 to be array, null given in /home/ubuntu/workspace/CST336-Lab3/inc/functions.php on line 164
[04-Mar-2018 00:56:45 UTC] PHP Stack trace:
[04-Mar-2018 00:56:45 UTC] PHP   1. {main}() /home/ubuntu/workspace/CST336-Lab3/inc/functions.php:0
[04-Mar-2018 00:56:45 UTC] PHP   2. array_push() /home/ubuntu/workspace/CST336-Lab3/inc/functions.php:164
[04-Mar-2018 00:56:45 UTC] PHP Warning:  array_sum() expects parameter 1 to be array, null given in /home/ubuntu/workspace/CST336-Lab3/inc/functions.php on line 166
[04-Mar-2018 00:56:45 UTC] PHP Stack trace:
[04-Mar-2018 00:56:45 UTC] PHP   1. {main}() /home/ubuntu/workspace/CST336-Lab3/inc/functions.php:0
[04-Mar-2018 00:56:45 UTC] PHP   2. array_sum() /home/ubuntu/workspace/CST336-Lab3/inc/functions.php:166
[04-Mar-2018 00:57:41 UTC] PHP Parse error:  syntax error, unexpected '$starttime' (T_VARIABLE) in /home/ubuntu/workspace/CST336-Lab3/inc/functions.php on line 7
[04-Mar-2018 00:57:42 UTC] PHP Parse error:  syntax error, unexpected '$starttime' (T_VARIABLE) in /home/ubuntu/workspace/CST336-Lab3/inc/functions.php on line 7
[04-Mar-2018 00:57:50 UTC] PHP Parse error:  syntax error, unexpected '$starttime' (T_VARIABLE) in /home/ubuntu/workspace/CST336-Lab3/inc/functions.php on line 7
[04-Mar-2018 00:57:51 UTC] PHP Parse error:  syntax error, unexpected '$starttime' (T_VARIABLE) in /home/ubuntu/workspace/CST336-Lab3/inc/functions.php on line 7
[04-Mar-2018 01:07:39 UTC] PHP Parse error:  syntax error, unexpected 'echo' (T_ECHO) in /home/ubuntu/workspace/CST336-Lab3/inc/functions.php on line 167
[04-Mar-2018 01:09:30 UTC] PHP Fatal error:  Call to undefined function double() in /home/ubuntu/workspace/CST336-Lab3/inc/functions.php on line 167
[04-Mar-2018 01:09:30 UTC] PHP Stack trace:
[04-Mar-2018 01:09:30 UTC] PHP   1. {main}() /home/ubuntu/workspace/CST336-Lab3/inc/functions.php:0
